# JRE version: OpenJDK Runtime Environment Corretto-11.0.18.10.1 (11.0.18+10) (build 11.0.18+10-LTS)
# Java VM: OpenJDK 64-Bit Server VM Corretto-11.0.18.10.1 (11.0.18+10-LTS, mixed mode, tiered, compressed oops, g1 gc, windows-amd64)
Heap:
 garbage-first heap   total 300032K, used 240961K [0x0000000080000000, 0x0000000100000000)
  region size 1024K, 9 young (9216K), 2 survivors (2048K)
 Metaspace       used 116358K, capacity 119992K, committed 120316K, reserved 1153024K
  class space    used 14607K, capacity 15960K, committed 16076K, reserved 1048576K
GC Heap History (20 events):
Event: 226.323 GC heap before
{Heap before GC invocations=53 (full 0):
 garbage-first heap   total 249856K, used 214258K [0x0000000080000000, 0x0000000100000000)
  region size 1024K, 20 young (20480K), 3 survivors (3072K)
 Metaspace       used 103741K, capacity 107016K, committed 107260K, reserved 1142784K
  class space    used 13005K, capacity 14190K, committed 14284K, reserved 1048576K
}
Event: 226.333 GC heap after
{Heap after GC invocations=54 (full 0):
 garbage-first heap   total 249856K, used 199224K [0x0000000080000000, 0x0000000100000000)
  region size 1024K, 3 young (3072K), 3 survivors (3072K)
 Metaspace       used 103741K, capacity 107016K, committed 107260K, reserved 1142784K
  class space    used 13005K, capacity 14190K, committed 14284K, reserved 1048576K
}
Event: 226.994 GC heap before
{Heap before GC invocations=54 (full 0):
 garbage-first heap   total 249856K, used 214584K [0x0000000080000000, 0x0000000100000000)
  region size 1024K, 19 young (19456K), 3 survivors (3072K)
 Metaspace       used 104045K, capacity 107306K, committed 107516K, reserved 1142784K
  class space    used 13039K, capacity 14222K, committed 14284K, reserved 1048576K
}
Event: 227.006 GC heap after
{Heap after GC invocations=55 (full 0):
 garbage-first heap   total 300032K, used 200575K [0x0000000080000000, 0x0000000100000000)
  region size 1024K, 2 young (2048K), 2 survivors (2048K)
 Metaspace       used 104045K, capacity 107306K, committed 107516K, reserved 1142784K
  class space    used 13039K, capacity 14222K, committed 14284K, reserved 1048576K
}
Event: 228.207 GC heap before
{Heap before GC invocations=55 (full 0):
 garbage-first heap   total 300032K, used 233343K [0x0000000080000000, 0x0000000100000000)
  region size 1024K, 35 young (35840K), 2 survivors (2048K)
 Metaspace       used 104642K, capacity 107934K, committed 108156K, reserved 1142784K
  class space    used 13103K, capacity 14319K, committed 14412K, reserved 1048576K
}
Event: 228.217 GC heap after
{Heap after GC invocations=56 (full 0):
 garbage-first heap   total 300032K, used 202319K [0x0000000080000000, 0x0000000100000000)
  region size 1024K, 4 young (4096K), 4 survivors (4096K)
 Metaspace       used 104642K, capacity 107934K, committed 108156K, reserved 1142784K
  class space    used 13103K, capacity 14319K, committed 14412K, reserved 1048576K
}
Event: 229.234 GC heap before
{Heap before GC invocations=56 (full 0):
 garbage-first heap   total 300032K, used 237135K [0x0000000080000000, 0x0000000100000000)
  region size 1024K, 39 young (39936K), 4 survivors (4096K)
 Metaspace       used 106227K, capacity 109456K, committed 109692K, reserved 1144832K
  class space    used 13290K, capacity 14546K, committed 14668K, reserved 1048576K
}
Event: 229.244 GC heap after
{Heap after GC invocations=57 (full 0):
 garbage-first heap   total 300032K, used 204213K [0x0000000080000000, 0x0000000100000000)
  region size 1024K, 4 young (4096K), 4 survivors (4096K)
 Metaspace       used 106227K, capacity 109456K, committed 109692K, reserved 1144832K
  class space    used 13290K, capacity 14546K, committed 14668K, reserved 1048576K
}
Event: 230.276 GC heap before
{Heap before GC invocations=57 (full 0):
 garbage-first heap   total 300032K, used 242101K [0x0000000080000000, 0x0000000100000000)
  region size 1024K, 41 young (41984K), 4 survivors (4096K)
 Metaspace       used 108450K, capacity 111790K, committed 111996K, reserved 1146880K
  class space    used 13623K, capacity 14880K, committed 14924K, reserved 1048576K
}
Event: 230.298 GC heap after
{Heap after GC invocations=58 (full 0):
 garbage-first heap   total 300032K, used 206484K [0x0000000080000000, 0x0000000100000000)
  region size 1024K, 5 young (5120K), 5 survivors (5120K)
 Metaspace       used 108450K, capacity 111790K, committed 111996K, reserved 1146880K
  class space    used 13623K, capacity 14880K, committed 14924K, reserved 1048576K
}
Event: 231.618 GC heap before
{Heap before GC invocations=58 (full 0):
 garbage-first heap   total 300032K, used 243348K [0x0000000080000000, 0x0000000100000000)
  region size 1024K, 42 young (43008K), 5 survivors (5120K)
 Metaspace       used 109726K, capacity 113105K, committed 113276K, reserved 1146880K
  class space    used 13786K, capacity 15056K, committed 15180K, reserved 1048576K
}
Event: 231.655 GC heap after
{Heap after GC invocations=59 (full 0):
 garbage-first heap   total 300032K, used 208422K [0x0000000080000000, 0x0000000100000000)
  region size 1024K, 5 young (5120K), 5 survivors (5120K)
 Metaspace       used 109726K, capacity 113105K, committed 113276K, reserved 1146880K
  class space    used 13786K, capacity 15056K, committed 15180K, reserved 1048576K
}
Event: 617.459 GC heap before
{Heap before GC invocations=59 (full 0):
 garbage-first heap   total 300032K, used 247334K [0x0000000080000000, 0x0000000100000000)
  region size 1024K, 43 young (44032K), 5 survivors (5120K)
 Metaspace       used 110896K, capacity 114383K, committed 114684K, reserved 1148928K
  class space    used 13929K, capacity 15195K, committed 15308K, reserved 1048576K
}
Event: 617.470 GC heap after
{Heap after GC invocations=60 (full 0):
 garbage-first heap   total 300032K, used 210204K [0x0000000080000000, 0x0000000100000000)
  region size 1024K, 4 young (4096K), 4 survivors (4096K)
 Metaspace       used 110896K, capacity 114383K, committed 114684K, reserved 1148928K
  class space    used 13929K, capacity 15195K, committed 15308K, reserved 1048576K
}
Event: 619.664 GC heap before
{Heap before GC invocations=60 (full 0):
 garbage-first heap   total 300032K, used 250140K [0x0000000080000000, 0x0000000100000000)
  region size 1024K, 44 young (45056K), 4 survivors (4096K)
 Metaspace       used 111198K, capacity 114704K, committed 114940K, reserved 1148928K
  class space    used 13941K, capacity 15217K, committed 15308K, reserved 1048576K
}
Event: 619.677 GC heap after
{Heap after GC invocations=61 (full 0):
 garbage-first heap   total 300032K, used 215206K [0x0000000080000000, 0x0000000100000000)
  region size 1024K, 6 young (6144K), 6 survivors (6144K)
 Metaspace       used 111198K, capacity 114704K, committed 114940K, reserved 1148928K
  class space    used 13941K, capacity 15217K, committed 15308K, reserved 1048576K
}
Event: 621.255 GC heap before
{Heap before GC invocations=61 (full 0):
 garbage-first heap   total 300032K, used 254118K [0x0000000080000000, 0x0000000100000000)
  region size 1024K, 43 young (44032K), 6 survivors (6144K)
 Metaspace       used 113765K, capacity 117293K, committed 117628K, reserved 1150976K
  class space    used 14271K, capacity 15570K, committed 15692K, reserved 1048576K
}
Event: 621.274 GC heap after
{Heap after GC invocations=62 (full 0):
 garbage-first heap   total 300032K, used 231877K [0x0000000080000000, 0x0000000100000000)
  region size 1024K, 6 young (6144K), 6 survivors (6144K)
 Metaspace       used 113765K, capacity 117293K, committed 117628K, reserved 1150976K
  class space    used 14271K, capacity 15570K, committed 15692K, reserved 1048576K
}
Event: 621.782 GC heap before
{Heap before GC invocations=62 (full 0):
 garbage-first heap   total 300032K, used 251333K [0x0000000080000000, 0x0000000100000000)
  region size 1024K, 25 young (25600K), 6 survivors (6144K)
 Metaspace       used 115426K, capacity 118979K, committed 119164K, reserved 1153024K
  class space    used 14496K, capacity 15814K, committed 15948K, reserved 1048576K
}
Event: 621.803 GC heap after
{Heap after GC invocations=63 (full 0):
 garbage-first heap   total 300032K, used 234817K [0x0000000080000000, 0x0000000100000000)
  region size 1024K, 2 young (2048K), 2 survivors (2048K)
 Metaspace       used 115426K, capacity 118979K, committed 119164K, reserved 1153024K
  class space    used 14496K, capacity 15814K, committed 15948K, reserved 1048576K
}

